{"C:\\Users\\bostz\\.gemini\\antigravity\\scratch\\field-service-platform\\backend\\src\\app.ts": {"path":"C:\\Users\\bostz\\.gemini\\antigravity\\scratch\\field-service-platform\\backend\\src\\app.ts","statementMap":{"0":{"start":{"line":7,"column":0},"end":{"line":7,"column":16}},"1":{"start":{"line":1,"column":0},"end":{"line":1,"column":80}},"2":{"start":{"line":2,"column":0},"end":{"line":2,"column":24}},"3":{"start":{"line":3,"column":0},"end":{"line":3,"column":28}},"4":{"start":{"line":4,"column":0},"end":{"line":4,"column":24}},"5":{"start":{"line":5,"column":0},"end":{"line":5,"column":37}},"6":{"start":{"line":8,"column":27},"end":{"line":8,"column":36}},"7":{"start":{"line":11,"column":2},"end":{"line":15,"column":4}},"8":{"start":{"line":17,"column":2},"end":{"line":17,"column":33}},"9":{"start":{"line":18,"column":2},"end":{"line":18,"column":43}},"10":{"start":{"line":19,"column":2},"end":{"line":19,"column":65}},"11":{"start":{"line":22,"column":20},"end":{"line":22,"column":57}},"12":{"start":{"line":23,"column":2},"end":{"line":23,"column":49}},"13":{"start":{"line":26,"column":2},"end":{"line":32,"column":5}},"14":{"start":{"line":27,"column":4},"end":{"line":31,"column":7}},"15":{"start":{"line":35,"column":2},"end":{"line":35,"column":32}},"16":{"start":{"line":38,"column":2},"end":{"line":43,"column":5}},"17":{"start":{"line":39,"column":4},"end":{"line":42,"column":7}},"18":{"start":{"line":46,"column":2},"end":{"line":52,"column":5}},"19":{"start":{"line":47,"column":4},"end":{"line":47,"column":43}},"20":{"start":{"line":48,"column":4},"end":{"line":51,"column":7}},"21":{"start":{"line":54,"column":2},"end":{"line":54,"column":13}}},"fnMap":{"0":{"name":"createApp","decl":{"start":{"line":7,"column":16},"end":{"line":7,"column":25}},"loc":{"start":{"line":7,"column":25},"end":{"line":55,"column":1}}},"1":{"name":"(anonymous_2)","decl":{"start":{"line":26,"column":21},"end":{"line":26,"column":22}},"loc":{"start":{"line":26,"column":54},"end":{"line":32,"column":3}}},"2":{"name":"(anonymous_3)","decl":{"start":{"line":38,"column":10},"end":{"line":38,"column":11}},"loc":{"start":{"line":38,"column":43},"end":{"line":43,"column":3}}},"3":{"name":"(anonymous_4)","decl":{"start":{"line":46,"column":10},"end":{"line":46,"column":11}},"loc":{"start":{"line":46,"column":74},"end":{"line":52,"column":3}}}},"branchMap":{"0":{"loc":{"start":{"line":48,"column":15},"end":{"line":48,"column":32}},"type":"binary-expr","locations":[{"start":{"line":48,"column":15},"end":{"line":48,"column":25}},{"start":{"line":48,"column":29},"end":{"line":48,"column":32}}]},"1":{"loc":{"start":{"line":49,"column":13},"end":{"line":49,"column":48}},"type":"binary-expr","locations":[{"start":{"line":49,"column":13},"end":{"line":49,"column":21}},{"start":{"line":49,"column":25},"end":{"line":49,"column":48}}]},"2":{"loc":{"start":{"line":50,"column":15},"end":{"line":50,"column":65}},"type":"binary-expr","locations":[{"start":{"line":50,"column":15},"end":{"line":50,"column":26}},{"start":{"line":50,"column":30},"end":{"line":50,"column":65}}]}},"s":{"0":1,"1":1,"2":1,"3":1,"4":1,"5":1,"6":1,"7":1,"8":1,"9":1,"10":1,"11":1,"12":1,"13":1,"14":0,"15":1,"16":1,"17":0,"18":1,"19":0,"20":0,"21":1},"f":{"0":1,"1":0,"2":0,"3":0},"b":{"0":[0,0],"1":[0,0],"2":[0,0]}}
,"C:\\Users\\bostz\\.gemini\\antigravity\\scratch\\field-service-platform\\backend\\src\\config\\index.ts": {"path":"C:\\Users\\bostz\\.gemini\\antigravity\\scratch\\field-service-platform\\backend\\src\\config\\index.ts","statementMap":{"0":{"start":{"line":1,"column":0},"end":{"line":1,"column":28}},"1":{"start":{"line":2,"column":0},"end":{"line":2,"column":16}},"2":{"start":{"line":4,"column":13},"end":{"line":13,"column":2}}},"fnMap":{},"branchMap":{"0":{"loc":{"start":{"line":5,"column":17},"end":{"line":5,"column":43}},"type":"binary-expr","locations":[{"start":{"line":5,"column":17},"end":{"line":5,"column":33}},{"start":{"line":5,"column":37},"end":{"line":5,"column":43}}]},"1":{"loc":{"start":{"line":6,"column":12},"end":{"line":6,"column":87}},"type":"binary-expr","locations":[{"start":{"line":6,"column":12},"end":{"line":6,"column":33}},{"start":{"line":6,"column":37},"end":{"line":6,"column":87}}]},"2":{"loc":{"start":{"line":7,"column":13},"end":{"line":7,"column":85}},"type":"binary-expr","locations":[{"start":{"line":7,"column":13},"end":{"line":7,"column":35}},{"start":{"line":7,"column":39},"end":{"line":7,"column":85}}]},"3":{"loc":{"start":{"line":8,"column":16},"end":{"line":8,"column":51}},"type":"binary-expr","locations":[{"start":{"line":8,"column":16},"end":{"line":8,"column":42}},{"start":{"line":8,"column":46},"end":{"line":8,"column":51}}]},"4":{"loc":{"start":{"line":9,"column":20},"end":{"line":9,"column":91}},"type":"binary-expr","locations":[{"start":{"line":9,"column":20},"end":{"line":9,"column":50}},{"start":{"line":9,"column":54},"end":{"line":9,"column":91}}]},"5":{"loc":{"start":{"line":10,"column":23},"end":{"line":10,"column":65}},"type":"binary-expr","locations":[{"start":{"line":10,"column":23},"end":{"line":10,"column":57}},{"start":{"line":10,"column":61},"end":{"line":10,"column":65}}]},"6":{"loc":{"start":{"line":11,"column":33},"end":{"line":11,"column":76}},"type":"binary-expr","locations":[{"start":{"line":11,"column":33},"end":{"line":11,"column":67}},{"start":{"line":11,"column":71},"end":{"line":11,"column":76}}]},"7":{"loc":{"start":{"line":12,"column":13},"end":{"line":12,"column":48}},"type":"binary-expr","locations":[{"start":{"line":12,"column":13},"end":{"line":12,"column":35}},{"start":{"line":12,"column":39},"end":{"line":12,"column":48}}]}},"s":{"0":1,"1":1,"2":1},"f":{},"b":{"0":[1,1],"1":[1,1],"2":[1,1],"3":[1,1],"4":[1,1],"5":[1,1],"6":[1,1],"7":[1,1]}}
,"C:\\Users\\bostz\\.gemini\\antigravity\\scratch\\field-service-platform\\backend\\src\\controllers\\authController.ts": {"path":"C:\\Users\\bostz\\.gemini\\antigravity\\scratch\\field-service-platform\\backend\\src\\controllers\\authController.ts","statementMap":{"0":{"start":{"line":8,"column":0},"end":{"line":8,"column":7}},"1":{"start":{"line":70,"column":0},"end":{"line":70,"column":7}},"2":{"start":{"line":88,"column":0},"end":{"line":88,"column":7}},"3":{"start":{"line":2,"column":0},"end":{"line":2,"column":30}},"4":{"start":{"line":3,"column":0},"end":{"line":3,"column":31}},"5":{"start":{"line":4,"column":0},"end":{"line":4,"column":35}},"6":{"start":{"line":5,"column":0},"end":{"line":5,"column":53}},"7":{"start":{"line":9,"column":2},"end":{"line":67,"column":3}},"8":{"start":{"line":10,"column":32},"end":{"line":10,"column":40}},"9":{"start":{"line":12,"column":4},"end":{"line":18,"column":5}},"10":{"start":{"line":13,"column":6},"end":{"line":16,"column":9}},"11":{"start":{"line":17,"column":6},"end":{"line":17,"column":13}},"12":{"start":{"line":20,"column":17},"end":{"line":20,"column":79}},"13":{"start":{"line":22,"column":4},"end":{"line":28,"column":5}},"14":{"start":{"line":23,"column":6},"end":{"line":26,"column":9}},"15":{"start":{"line":27,"column":6},"end":{"line":27,"column":13}},"16":{"start":{"line":30,"column":20},"end":{"line":30,"column":69}},"17":{"start":{"line":31,"column":4},"end":{"line":37,"column":5}},"18":{"start":{"line":32,"column":6},"end":{"line":35,"column":9}},"19":{"start":{"line":36,"column":6},"end":{"line":36,"column":13}},"20":{"start":{"line":39,"column":20},"end":{"line":39,"column":68}},"21":{"start":{"line":41,"column":24},"end":{"line":43,"column":6}},"22":{"start":{"line":45,"column":25},"end":{"line":47,"column":6}},"23":{"start":{"line":49,"column":4},"end":{"line":61,"column":7}},"24":{"start":{"line":63,"column":4},"end":{"line":66,"column":7}},"25":{"start":{"line":71,"column":2},"end":{"line":74,"column":3}},"26":{"start":{"line":72,"column":4},"end":{"line":72,"column":82}},"27":{"start":{"line":73,"column":4},"end":{"line":73,"column":11}},"28":{"start":{"line":76,"column":2},"end":{"line":85,"column":5}},"29":{"start":{"line":89,"column":27},"end":{"line":89,"column":35}},"30":{"start":{"line":90,"column":2},"end":{"line":93,"column":3}},"31":{"start":{"line":91,"column":4},"end":{"line":91,"column":89}},"32":{"start":{"line":92,"column":4},"end":{"line":92,"column":11}},"33":{"start":{"line":95,"column":2},"end":{"line":116,"column":3}},"34":{"start":{"line":96,"column":20},"end":{"line":96,"column":null}},"35":{"start":{"line":100,"column":17},"end":{"line":100,"column":57}},"36":{"start":{"line":102,"column":4},"end":{"line":105,"column":5}},"37":{"start":{"line":103,"column":6},"end":{"line":103,"column":91}},"38":{"start":{"line":104,"column":6},"end":{"line":104,"column":13}},"39":{"start":{"line":107,"column":27},"end":{"line":110,"column":null}},"40":{"start":{"line":113,"column":4},"end":{"line":113,"column":58}},"41":{"start":{"line":115,"column":4},"end":{"line":115,"column":97}}},"fnMap":{"0":{"name":"login","decl":{"start":{"line":8,"column":22},"end":{"line":8,"column":27}},"loc":{"start":{"line":8,"column":55},"end":{"line":68,"column":1}}},"1":{"name":"getMe","decl":{"start":{"line":70,"column":22},"end":{"line":70,"column":27}},"loc":{"start":{"line":70,"column":68},"end":{"line":86,"column":1}}},"2":{"name":"refreshToken","decl":{"start":{"line":88,"column":22},"end":{"line":88,"column":34}},"loc":{"start":{"line":88,"column":62},"end":{"line":117,"column":1}}}},"branchMap":{"0":{"loc":{"start":{"line":12,"column":4},"end":{"line":18,"column":5}},"type":"if","locations":[{"start":{"line":12,"column":4},"end":{"line":18,"column":5}}]},"1":{"loc":{"start":{"line":12,"column":8},"end":{"line":12,"column":27}},"type":"binary-expr","locations":[{"start":{"line":12,"column":8},"end":{"line":12,"column":14}},{"start":{"line":12,"column":18},"end":{"line":12,"column":27}}]},"2":{"loc":{"start":{"line":22,"column":4},"end":{"line":28,"column":5}},"type":"if","locations":[{"start":{"line":22,"column":4},"end":{"line":28,"column":5}}]},"3":{"loc":{"start":{"line":22,"column":8},"end":{"line":22,"column":31}},"type":"binary-expr","locations":[{"start":{"line":22,"column":8},"end":{"line":22,"column":13}},{"start":{"line":22,"column":17},"end":{"line":22,"column":31}}]},"4":{"loc":{"start":{"line":31,"column":4},"end":{"line":37,"column":5}},"type":"if","locations":[{"start":{"line":31,"column":4},"end":{"line":37,"column":5}}]},"5":{"loc":{"start":{"line":65,"column":15},"end":{"line":65,"column":75}},"type":"binary-expr","locations":[{"start":{"line":65,"column":15},"end":{"line":65,"column":28}},{"start":{"line":65,"column":32},"end":{"line":65,"column":75}}]},"6":{"loc":{"start":{"line":71,"column":2},"end":{"line":74,"column":3}},"type":"if","locations":[{"start":{"line":71,"column":2},"end":{"line":74,"column":3}}]},"7":{"loc":{"start":{"line":90,"column":2},"end":{"line":93,"column":3}},"type":"if","locations":[{"start":{"line":90,"column":2},"end":{"line":93,"column":3}}]},"8":{"loc":{"start":{"line":102,"column":4},"end":{"line":105,"column":5}},"type":"if","locations":[{"start":{"line":102,"column":4},"end":{"line":105,"column":5}}]},"9":{"loc":{"start":{"line":102,"column":8},"end":{"line":102,"column":31}},"type":"binary-expr","locations":[{"start":{"line":102,"column":8},"end":{"line":102,"column":13}},{"start":{"line":102,"column":17},"end":{"line":102,"column":31}}]}},"s":{"0":1,"1":1,"2":1,"3":1,"4":1,"5":1,"6":1,"7":5,"8":5,"9":5,"10":0,"11":0,"12":5,"13":5,"14":0,"15":0,"16":5,"17":5,"18":1,"19":1,"20":4,"21":4,"22":4,"23":4,"24":0,"25":0,"26":0,"27":0,"28":0,"29":0,"30":0,"31":0,"32":0,"33":0,"34":0,"35":0,"36":0,"37":0,"38":0,"39":0,"40":0,"41":0},"f":{"0":5,"1":0,"2":0},"b":{"0":[0],"1":[5,5],"2":[0],"3":[5,5],"4":[1],"5":[0,0],"6":[0],"7":[0],"8":[0],"9":[0,0]}}
,"C:\\Users\\bostz\\.gemini\\antigravity\\scratch\\field-service-platform\\backend\\src\\controllers\\ticketController.ts": {"path":"C:\\Users\\bostz\\.gemini\\antigravity\\scratch\\field-service-platform\\backend\\src\\controllers\\ticketController.ts","statementMap":{"0":{"start":{"line":8,"column":0},"end":{"line":8,"column":7}},"1":{"start":{"line":68,"column":0},"end":{"line":68,"column":7}},"2":{"start":{"line":112,"column":0},"end":{"line":112,"column":7}},"3":{"start":{"line":148,"column":0},"end":{"line":148,"column":7}},"4":{"start":{"line":209,"column":0},"end":{"line":209,"column":7}},"5":{"start":{"line":342,"column":0},"end":{"line":342,"column":7}},"6":{"start":{"line":400,"column":0},"end":{"line":400,"column":7}},"7":{"start":{"line":450,"column":0},"end":{"line":450,"column":7}},"8":{"start":{"line":3,"column":0},"end":{"line":3,"column":70}},"9":{"start":{"line":4,"column":0},"end":{"line":4,"column":43}},"10":{"start":{"line":5,"column":0},"end":{"line":5,"column":73}},"11":{"start":{"line":6,"column":0},"end":{"line":6,"column":35}},"12":{"start":{"line":9,"column":2},"end":{"line":65,"column":3}},"13":{"start":{"line":10,"column":66},"end":{"line":10,"column":74}},"14":{"start":{"line":12,"column":4},"end":{"line":18,"column":5}},"15":{"start":{"line":13,"column":6},"end":{"line":16,"column":9}},"16":{"start":{"line":17,"column":6},"end":{"line":17,"column":13}},"17":{"start":{"line":20,"column":19},"end":{"line":20,"column":34}},"18":{"start":{"line":21,"column":19},"end":{"line":21,"column":34}},"19":{"start":{"line":23,"column":4},"end":{"line":29,"column":5}},"20":{"start":{"line":24,"column":6},"end":{"line":27,"column":9}},"21":{"start":{"line":28,"column":6},"end":{"line":28,"column":13}},"22":{"start":{"line":32,"column":27},"end":{"line":32,"column":40}},"23":{"start":{"line":33,"column":4},"end":{"line":35,"column":5}},"24":{"start":{"line":34,"column":6},"end":{"line":34,"column":36}},"25":{"start":{"line":38,"column":25},"end":{"line":38,"column":103}},"26":{"start":{"line":39,"column":23},"end":{"line":39,"column":48}},"27":{"start":{"line":41,"column":19},"end":{"line":54,"column":6}},"28":{"start":{"line":56,"column":4},"end":{"line":59,"column":7}},"29":{"start":{"line":61,"column":4},"end":{"line":64,"column":7}},"30":{"start":{"line":69,"column":2},"end":{"line":109,"column":3}},"31":{"start":{"line":70,"column":45},"end":{"line":70,"column":54}},"32":{"start":{"line":71,"column":24},"end":{"line":71,"column":26}},"33":{"start":{"line":74,"column":4},"end":{"line":78,"column":5}},"34":{"start":{"line":75,"column":6},"end":{"line":75,"column":38}},"35":{"start":{"line":76,"column":11},"end":{"line":78,"column":5}},"36":{"start":{"line":77,"column":6},"end":{"line":77,"column":48}},"37":{"start":{"line":81,"column":4},"end":{"line":83,"column":5}},"38":{"start":{"line":82,"column":6},"end":{"line":82,"column":29}},"39":{"start":{"line":85,"column":17},"end":{"line":85,"column":51}},"40":{"start":{"line":86,"column":20},"end":{"line":91,"column":27}},"41":{"start":{"line":93,"column":18},"end":{"line":93,"column":58}},"42":{"start":{"line":95,"column":4},"end":{"line":103,"column":7}},"43":{"start":{"line":105,"column":4},"end":{"line":108,"column":7}},"44":{"start":{"line":113,"column":2},"end":{"line":145,"column":3}},"45":{"start":{"line":114,"column":19},"end":{"line":114,"column":29}},"46":{"start":{"line":115,"column":19},"end":{"line":117,"column":85}},"47":{"start":{"line":119,"column":4},"end":{"line":122,"column":5}},"48":{"start":{"line":120,"column":6},"end":{"line":120,"column":80}},"49":{"start":{"line":121,"column":6},"end":{"line":121,"column":13}},"50":{"start":{"line":125,"column":4},"end":{"line":128,"column":5}},"51":{"start":{"line":126,"column":6},"end":{"line":126,"column":92}},"52":{"start":{"line":127,"column":6},"end":{"line":127,"column":13}},"53":{"start":{"line":130,"column":4},"end":{"line":137,"column":5}},"54":{"start":{"line":135,"column":6},"end":{"line":135,"column":92}},"55":{"start":{"line":136,"column":6},"end":{"line":136,"column":13}},"56":{"start":{"line":139,"column":4},"end":{"line":139,"column":37}},"57":{"start":{"line":141,"column":4},"end":{"line":144,"column":7}},"58":{"start":{"line":149,"column":2},"end":{"line":206,"column":3}},"59":{"start":{"line":150,"column":19},"end":{"line":150,"column":29}},"60":{"start":{"line":151,"column":29},"end":{"line":151,"column":37}},"61":{"start":{"line":153,"column":4},"end":{"line":159,"column":5}},"62":{"start":{"line":154,"column":6},"end":{"line":157,"column":9}},"63":{"start":{"line":158,"column":6},"end":{"line":158,"column":13}},"64":{"start":{"line":161,"column":19},"end":{"line":161,"column":49}},"65":{"start":{"line":162,"column":4},"end":{"line":165,"column":5}},"66":{"start":{"line":163,"column":6},"end":{"line":163,"column":80}},"67":{"start":{"line":164,"column":6},"end":{"line":164,"column":13}},"68":{"start":{"line":167,"column":4},"end":{"line":173,"column":5}},"69":{"start":{"line":168,"column":6},"end":{"line":171,"column":9}},"70":{"start":{"line":172,"column":6},"end":{"line":172,"column":13}},"71":{"start":{"line":175,"column":17},"end":{"line":175,"column":55}},"72":{"start":{"line":176,"column":4},"end":{"line":182,"column":5}},"73":{"start":{"line":177,"column":6},"end":{"line":180,"column":9}},"74":{"start":{"line":181,"column":6},"end":{"line":181,"column":13}},"75":{"start":{"line":185,"column":4},"end":{"line":191,"column":5}},"76":{"start":{"line":186,"column":6},"end":{"line":189,"column":9}},"77":{"start":{"line":190,"column":6},"end":{"line":190,"column":13}},"78":{"start":{"line":193,"column":4},"end":{"line":193,"column":41}},"79":{"start":{"line":194,"column":4},"end":{"line":194,"column":31}},"80":{"start":{"line":195,"column":4},"end":{"line":195,"column":24}},"81":{"start":{"line":197,"column":4},"end":{"line":200,"column":7}},"82":{"start":{"line":202,"column":4},"end":{"line":205,"column":7}},"83":{"start":{"line":210,"column":2},"end":{"line":339,"column":3}},"84":{"start":{"line":211,"column":19},"end":{"line":211,"column":29}},"85":{"start":{"line":212,"column":51},"end":{"line":212,"column":null}},"86":{"start":{"line":218,"column":4},"end":{"line":221,"column":5}},"87":{"start":{"line":219,"column":6},"end":{"line":219,"column":88}},"88":{"start":{"line":220,"column":6},"end":{"line":220,"column":13}},"89":{"start":{"line":223,"column":19},"end":{"line":223,"column":49}},"90":{"start":{"line":224,"column":4},"end":{"line":227,"column":5}},"91":{"start":{"line":225,"column":6},"end":{"line":225,"column":80}},"92":{"start":{"line":226,"column":6},"end":{"line":226,"column":13}},"93":{"start":{"line":230,"column":4},"end":{"line":238,"column":5}},"94":{"start":{"line":231,"column":6},"end":{"line":237,"column":7}},"95":{"start":{"line":235,"column":8},"end":{"line":235,"column":101}},"96":{"start":{"line":236,"column":8},"end":{"line":236,"column":15}},"97":{"start":{"line":240,"column":26},"end":{"line":240,"column":39}},"98":{"start":{"line":243,"column":4},"end":{"line":258,"column":5}},"99":{"start":{"line":244,"column":6},"end":{"line":250,"column":7}},"100":{"start":{"line":245,"column":8},"end":{"line":248,"column":11}},"101":{"start":{"line":249,"column":8},"end":{"line":249,"column":15}},"102":{"start":{"line":251,"column":6},"end":{"line":251,"column":32}},"103":{"start":{"line":252,"column":6},"end":{"line":252,"column":26}},"104":{"start":{"line":253,"column":6},"end":{"line":256,"column":9}},"105":{"start":{"line":257,"column":6},"end":{"line":257,"column":13}},"106":{"start":{"line":260,"column":4},"end":{"line":306,"column":5}},"107":{"start":{"line":261,"column":6},"end":{"line":267,"column":7}},"108":{"start":{"line":262,"column":8},"end":{"line":265,"column":11}},"109":{"start":{"line":266,"column":8},"end":{"line":266,"column":15}},"110":{"start":{"line":270,"column":6},"end":{"line":276,"column":7}},"111":{"start":{"line":271,"column":8},"end":{"line":274,"column":11}},"112":{"start":{"line":275,"column":8},"end":{"line":275,"column":15}},"113":{"start":{"line":278,"column":42},"end":{"line":278,"column":82}},"114":{"start":{"line":279,"column":44},"end":{"line":279,"column":71}},"115":{"start":{"line":281,"column":43},"end":{"line":284,"column":null}},"116":{"start":{"line":287,"column":6},"end":{"line":295,"column":7}},"117":{"start":{"line":288,"column":8},"end":{"line":293,"column":11}},"118":{"start":{"line":294,"column":8},"end":{"line":294,"column":15}},"119":{"start":{"line":297,"column":6},"end":{"line":297,"column":35}},"120":{"start":{"line":298,"column":6},"end":{"line":298,"column":26}},"121":{"start":{"line":300,"column":6},"end":{"line":304,"column":9}},"122":{"start":{"line":305,"column":6},"end":{"line":305,"column":13}},"123":{"start":{"line":308,"column":4},"end":{"line":320,"column":5}},"124":{"start":{"line":309,"column":6},"end":{"line":315,"column":7}},"125":{"start":{"line":310,"column":8},"end":{"line":313,"column":11}},"126":{"start":{"line":314,"column":8},"end":{"line":314,"column":15}},"127":{"start":{"line":316,"column":6},"end":{"line":316,"column":34}},"128":{"start":{"line":317,"column":6},"end":{"line":317,"column":26}},"129":{"start":{"line":318,"column":6},"end":{"line":318,"column":81}},"130":{"start":{"line":319,"column":6},"end":{"line":319,"column":13}},"131":{"start":{"line":322,"column":4},"end":{"line":328,"column":5}},"132":{"start":{"line":323,"column":6},"end":{"line":326,"column":9}},"133":{"start":{"line":327,"column":6},"end":{"line":327,"column":13}},"134":{"start":{"line":330,"column":4},"end":{"line":333,"column":7}},"135":{"start":{"line":335,"column":4},"end":{"line":338,"column":7}},"136":{"start":{"line":343,"column":2},"end":{"line":397,"column":3}},"137":{"start":{"line":344,"column":19},"end":{"line":344,"column":29}},"138":{"start":{"line":345,"column":46},"end":{"line":345,"column":54}},"139":{"start":{"line":347,"column":4},"end":{"line":353,"column":5}},"140":{"start":{"line":348,"column":6},"end":{"line":351,"column":9}},"141":{"start":{"line":352,"column":6},"end":{"line":352,"column":13}},"142":{"start":{"line":355,"column":19},"end":{"line":355,"column":35}},"143":{"start":{"line":356,"column":21},"end":{"line":356,"column":38}},"144":{"start":{"line":358,"column":4},"end":{"line":364,"column":5}},"145":{"start":{"line":359,"column":6},"end":{"line":362,"column":9}},"146":{"start":{"line":363,"column":6},"end":{"line":363,"column":13}},"147":{"start":{"line":366,"column":19},"end":{"line":366,"column":49}},"148":{"start":{"line":367,"column":4},"end":{"line":370,"column":5}},"149":{"start":{"line":368,"column":6},"end":{"line":368,"column":80}},"150":{"start":{"line":369,"column":6},"end":{"line":369,"column":13}},"151":{"start":{"line":372,"column":4},"end":{"line":378,"column":5}},"152":{"start":{"line":373,"column":6},"end":{"line":376,"column":9}},"153":{"start":{"line":377,"column":6},"end":{"line":377,"column":13}},"154":{"start":{"line":380,"column":4},"end":{"line":384,"column":7}},"155":{"start":{"line":386,"column":4},"end":{"line":386,"column":24}},"156":{"start":{"line":388,"column":4},"end":{"line":391,"column":7}},"157":{"start":{"line":393,"column":4},"end":{"line":396,"column":7}},"158":{"start":{"line":401,"column":2},"end":{"line":447,"column":3}},"159":{"start":{"line":402,"column":19},"end":{"line":402,"column":29}},"160":{"start":{"line":403,"column":35},"end":{"line":403,"column":43}},"161":{"start":{"line":405,"column":4},"end":{"line":411,"column":5}},"162":{"start":{"line":406,"column":6},"end":{"line":409,"column":9}},"163":{"start":{"line":410,"column":6},"end":{"line":410,"column":13}},"164":{"start":{"line":413,"column":19},"end":{"line":413,"column":49}},"165":{"start":{"line":414,"column":4},"end":{"line":417,"column":5}},"166":{"start":{"line":415,"column":6},"end":{"line":415,"column":80}},"167":{"start":{"line":416,"column":6},"end":{"line":416,"column":13}},"168":{"start":{"line":420,"column":16},"end":{"line":420,"column":68}},"169":{"start":{"line":421,"column":4},"end":{"line":427,"column":5}},"170":{"start":{"line":422,"column":6},"end":{"line":425,"column":9}},"171":{"start":{"line":426,"column":6},"end":{"line":426,"column":13}},"172":{"start":{"line":429,"column":4},"end":{"line":434,"column":7}},"173":{"start":{"line":436,"column":4},"end":{"line":436,"column":24}},"174":{"start":{"line":438,"column":4},"end":{"line":441,"column":7}},"175":{"start":{"line":443,"column":4},"end":{"line":446,"column":7}},"176":{"start":{"line":451,"column":2},"end":{"line":510,"column":3}},"177":{"start":{"line":452,"column":19},"end":{"line":452,"column":29}},"178":{"start":{"line":453,"column":33},"end":{"line":453,"column":41}},"179":{"start":{"line":455,"column":19},"end":{"line":455,"column":49}},"180":{"start":{"line":456,"column":4},"end":{"line":459,"column":5}},"181":{"start":{"line":457,"column":6},"end":{"line":457,"column":80}},"182":{"start":{"line":458,"column":6},"end":{"line":458,"column":13}},"183":{"start":{"line":461,"column":4},"end":{"line":467,"column":5}},"184":{"start":{"line":462,"column":6},"end":{"line":465,"column":9}},"185":{"start":{"line":466,"column":6},"end":{"line":466,"column":13}},"186":{"start":{"line":470,"column":24},"end":{"line":470,"column":89}},"187":{"start":{"line":470,"column":57},"end":{"line":470,"column":81}},"188":{"start":{"line":471,"column":23},"end":{"line":471,"column":87}},"189":{"start":{"line":471,"column":56},"end":{"line":471,"column":79}},"190":{"start":{"line":473,"column":4},"end":{"line":481,"column":5}},"191":{"start":{"line":474,"column":6},"end":{"line":479,"column":9}},"192":{"start":{"line":480,"column":6},"end":{"line":480,"column":13}},"193":{"start":{"line":483,"column":23},"end":{"line":483,"column":25}},"194":{"start":{"line":484,"column":4},"end":{"line":494,"column":5}},"195":{"start":{"line":485,"column":6},"end":{"line":485,"column":53}},"196":{"start":{"line":486,"column":11},"end":{"line":494,"column":5}},"197":{"start":{"line":487,"column":6},"end":{"line":487,"column":38}},"198":{"start":{"line":489,"column":6},"end":{"line":492,"column":9}},"199":{"start":{"line":493,"column":6},"end":{"line":493,"column":13}},"200":{"start":{"line":496,"column":4},"end":{"line":496,"column":47}},"201":{"start":{"line":497,"column":4},"end":{"line":497,"column":32}},"202":{"start":{"line":498,"column":4},"end":{"line":498,"column":33}},"203":{"start":{"line":499,"column":4},"end":{"line":499,"column":24}},"204":{"start":{"line":501,"column":4},"end":{"line":504,"column":7}},"205":{"start":{"line":506,"column":4},"end":{"line":509,"column":7}}},"fnMap":{"0":{"name":"createTicket","decl":{"start":{"line":8,"column":22},"end":{"line":8,"column":34}},"loc":{"start":{"line":8,"column":75},"end":{"line":66,"column":1}}},"1":{"name":"getTickets","decl":{"start":{"line":68,"column":22},"end":{"line":68,"column":32}},"loc":{"start":{"line":68,"column":73},"end":{"line":110,"column":1}}},"2":{"name":"getTicketById","decl":{"start":{"line":112,"column":22},"end":{"line":112,"column":35}},"loc":{"start":{"line":112,"column":76},"end":{"line":146,"column":1}}},"3":{"name":"assignTicket","decl":{"start":{"line":148,"column":22},"end":{"line":148,"column":34}},"loc":{"start":{"line":148,"column":75},"end":{"line":207,"column":1}}},"4":{"name":"updateTicketStatus","decl":{"start":{"line":209,"column":22},"end":{"line":209,"column":40}},"loc":{"start":{"line":209,"column":81},"end":{"line":340,"column":1}}},"5":{"name":"addTicketItem","decl":{"start":{"line":342,"column":22},"end":{"line":342,"column":35}},"loc":{"start":{"line":342,"column":76},"end":{"line":398,"column":1}}},"6":{"name":"addAttachment","decl":{"start":{"line":400,"column":22},"end":{"line":400,"column":35}},"loc":{"start":{"line":400,"column":76},"end":{"line":448,"column":1}}},"7":{"name":"signOffTicket","decl":{"start":{"line":450,"column":22},"end":{"line":450,"column":35}},"loc":{"start":{"line":450,"column":76},"end":{"line":511,"column":1}}},"8":{"name":"(anonymous_8)","decl":{"start":{"line":470,"column":50},"end":{"line":470,"column":51}},"loc":{"start":{"line":470,"column":57},"end":{"line":470,"column":81}}},"9":{"name":"(anonymous_9)","decl":{"start":{"line":471,"column":49},"end":{"line":471,"column":50}},"loc":{"start":{"line":471,"column":56},"end":{"line":471,"column":79}}}},"branchMap":{"0":{"loc":{"start":{"line":12,"column":4},"end":{"line":18,"column":5}},"type":"if","locations":[{"start":{"line":12,"column":4},"end":{"line":18,"column":5}}]},"1":{"loc":{"start":{"line":12,"column":8},"end":{"line":12,"column":84}},"type":"binary-expr","locations":[{"start":{"line":12,"column":8},"end":{"line":12,"column":14}},{"start":{"line":12,"column":18},"end":{"line":12,"column":30}},{"start":{"line":12,"column":34},"end":{"line":12,"column":51}},{"start":{"line":12,"column":55},"end":{"line":12,"column":72}},{"start":{"line":12,"column":76},"end":{"line":12,"column":84}}]},"2":{"loc":{"start":{"line":23,"column":4},"end":{"line":29,"column":5}},"type":"if","locations":[{"start":{"line":23,"column":4},"end":{"line":29,"column":5}}]},"3":{"loc":{"start":{"line":23,"column":8},"end":{"line":23,"column":38}},"type":"binary-expr","locations":[{"start":{"line":23,"column":8},"end":{"line":23,"column":21}},{"start":{"line":23,"column":25},"end":{"line":23,"column":38}}]},"4":{"loc":{"start":{"line":33,"column":4},"end":{"line":35,"column":5}},"type":"if","locations":[{"start":{"line":33,"column":4},"end":{"line":35,"column":5}}]},"5":{"loc":{"start":{"line":33,"column":8},"end":{"line":33,"column":48}},"type":"binary-expr","locations":[{"start":{"line":33,"column":8},"end":{"line":33,"column":34}},{"start":{"line":33,"column":38},"end":{"line":33,"column":48}}]},"6":{"loc":{"start":{"line":63,"column":15},"end":{"line":63,"column":57}},"type":"binary-expr","locations":[{"start":{"line":63,"column":15},"end":{"line":63,"column":28}},{"start":{"line":63,"column":32},"end":{"line":63,"column":57}}]},"7":{"loc":{"start":{"line":70,"column":20},"end":{"line":70,"column":28}},"type":"default-arg","locations":[{"start":{"line":70,"column":27},"end":{"line":70,"column":28}}]},"8":{"loc":{"start":{"line":70,"column":30},"end":{"line":70,"column":40}},"type":"default-arg","locations":[{"start":{"line":70,"column":38},"end":{"line":70,"column":40}}]},"9":{"loc":{"start":{"line":74,"column":4},"end":{"line":78,"column":5}},"type":"if","locations":[{"start":{"line":74,"column":4},"end":{"line":78,"column":5}},{"start":{"line":76,"column":11},"end":{"line":78,"column":5}}]},"10":{"loc":{"start":{"line":76,"column":11},"end":{"line":78,"column":5}},"type":"if","locations":[{"start":{"line":76,"column":11},"end":{"line":78,"column":5}}]},"11":{"loc":{"start":{"line":81,"column":4},"end":{"line":83,"column":5}},"type":"if","locations":[{"start":{"line":81,"column":4},"end":{"line":83,"column":5}}]},"12":{"loc":{"start":{"line":107,"column":15},"end":{"line":107,"column":57}},"type":"binary-expr","locations":[{"start":{"line":107,"column":15},"end":{"line":107,"column":28}},{"start":{"line":107,"column":32},"end":{"line":107,"column":57}}]},"13":{"loc":{"start":{"line":119,"column":4},"end":{"line":122,"column":5}},"type":"if","locations":[{"start":{"line":119,"column":4},"end":{"line":122,"column":5}}]},"14":{"loc":{"start":{"line":125,"column":4},"end":{"line":128,"column":5}},"type":"if","locations":[{"start":{"line":125,"column":4},"end":{"line":128,"column":5}}]},"15":{"loc":{"start":{"line":125,"column":8},"end":{"line":125,"column":100}},"type":"binary-expr","locations":[{"start":{"line":125,"column":8},"end":{"line":125,"column":37}},{"start":{"line":125,"column":41},"end":{"line":125,"column":100}}]},"16":{"loc":{"start":{"line":130,"column":4},"end":{"line":137,"column":5}},"type":"if","locations":[{"start":{"line":130,"column":4},"end":{"line":137,"column":5}}]},"17":{"loc":{"start":{"line":131,"column":6},"end":{"line":133,"column":78}},"type":"binary-expr","locations":[{"start":{"line":131,"column":6},"end":{"line":131,"column":37}},{"start":{"line":132,"column":7},"end":{"line":132,"column":33}},{"start":{"line":133,"column":8},"end":{"line":133,"column":77}}]},"18":{"loc":{"start":{"line":143,"column":15},"end":{"line":143,"column":56}},"type":"binary-expr","locations":[{"start":{"line":143,"column":15},"end":{"line":143,"column":28}},{"start":{"line":143,"column":32},"end":{"line":143,"column":56}}]},"19":{"loc":{"start":{"line":153,"column":4},"end":{"line":159,"column":5}},"type":"if","locations":[{"start":{"line":153,"column":4},"end":{"line":159,"column":5}}]},"20":{"loc":{"start":{"line":162,"column":4},"end":{"line":165,"column":5}},"type":"if","locations":[{"start":{"line":162,"column":4},"end":{"line":165,"column":5}}]},"21":{"loc":{"start":{"line":167,"column":4},"end":{"line":173,"column":5}},"type":"if","locations":[{"start":{"line":167,"column":4},"end":{"line":173,"column":5}}]},"22":{"loc":{"start":{"line":167,"column":8},"end":{"line":167,"column":67}},"type":"binary-expr","locations":[{"start":{"line":167,"column":8},"end":{"line":167,"column":35}},{"start":{"line":167,"column":39},"end":{"line":167,"column":67}}]},"23":{"loc":{"start":{"line":176,"column":4},"end":{"line":182,"column":5}},"type":"if","locations":[{"start":{"line":176,"column":4},"end":{"line":182,"column":5}}]},"24":{"loc":{"start":{"line":176,"column":8},"end":{"line":176,"column":61}},"type":"binary-expr","locations":[{"start":{"line":176,"column":8},"end":{"line":176,"column":13}},{"start":{"line":176,"column":17},"end":{"line":176,"column":43}},{"start":{"line":176,"column":47},"end":{"line":176,"column":61}}]},"25":{"loc":{"start":{"line":185,"column":4},"end":{"line":191,"column":5}},"type":"if","locations":[{"start":{"line":185,"column":4},"end":{"line":191,"column":5}}]},"26":{"loc":{"start":{"line":204,"column":15},"end":{"line":204,"column":61}},"type":"binary-expr","locations":[{"start":{"line":204,"column":15},"end":{"line":204,"column":28}},{"start":{"line":204,"column":32},"end":{"line":204,"column":61}}]},"27":{"loc":{"start":{"line":218,"column":4},"end":{"line":221,"column":5}},"type":"if","locations":[{"start":{"line":218,"column":4},"end":{"line":221,"column":5}}]},"28":{"loc":{"start":{"line":224,"column":4},"end":{"line":227,"column":5}},"type":"if","locations":[{"start":{"line":224,"column":4},"end":{"line":227,"column":5}}]},"29":{"loc":{"start":{"line":230,"column":4},"end":{"line":238,"column":5}},"type":"if","locations":[{"start":{"line":230,"column":4},"end":{"line":238,"column":5}}]},"30":{"loc":{"start":{"line":231,"column":6},"end":{"line":237,"column":7}},"type":"if","locations":[{"start":{"line":231,"column":6},"end":{"line":237,"column":7}}]},"31":{"loc":{"start":{"line":232,"column":8},"end":{"line":233,"column":73}},"type":"binary-expr","locations":[{"start":{"line":232,"column":8},"end":{"line":232,"column":34}},{"start":{"line":233,"column":8},"end":{"line":233,"column":73}}]},"32":{"loc":{"start":{"line":243,"column":4},"end":{"line":258,"column":5}},"type":"if","locations":[{"start":{"line":243,"column":4},"end":{"line":258,"column":5}}]},"33":{"loc":{"start":{"line":244,"column":6},"end":{"line":250,"column":7}},"type":"if","locations":[{"start":{"line":244,"column":6},"end":{"line":250,"column":7}}]},"34":{"loc":{"start":{"line":260,"column":4},"end":{"line":306,"column":5}},"type":"if","locations":[{"start":{"line":260,"column":4},"end":{"line":306,"column":5}}]},"35":{"loc":{"start":{"line":261,"column":6},"end":{"line":267,"column":7}},"type":"if","locations":[{"start":{"line":261,"column":6},"end":{"line":267,"column":7}}]},"36":{"loc":{"start":{"line":270,"column":6},"end":{"line":276,"column":7}},"type":"if","locations":[{"start":{"line":270,"column":6},"end":{"line":276,"column":7}}]},"37":{"loc":{"start":{"line":270,"column":10},"end":{"line":270,"column":62}},"type":"binary-expr","locations":[{"start":{"line":270,"column":10},"end":{"line":270,"column":34}},{"start":{"line":270,"column":38},"end":{"line":270,"column":62}}]},"38":{"loc":{"start":{"line":287,"column":6},"end":{"line":295,"column":7}},"type":"if","locations":[{"start":{"line":287,"column":6},"end":{"line":295,"column":7}}]},"39":{"loc":{"start":{"line":308,"column":4},"end":{"line":320,"column":5}},"type":"if","locations":[{"start":{"line":308,"column":4},"end":{"line":320,"column":5}}]},"40":{"loc":{"start":{"line":309,"column":6},"end":{"line":315,"column":7}},"type":"if","locations":[{"start":{"line":309,"column":6},"end":{"line":315,"column":7}}]},"41":{"loc":{"start":{"line":309,"column":10},"end":{"line":309,"column":69}},"type":"binary-expr","locations":[{"start":{"line":309,"column":10},"end":{"line":309,"column":37}},{"start":{"line":309,"column":41},"end":{"line":309,"column":69}}]},"42":{"loc":{"start":{"line":322,"column":4},"end":{"line":328,"column":5}},"type":"if","locations":[{"start":{"line":322,"column":4},"end":{"line":328,"column":5}}]},"43":{"loc":{"start":{"line":337,"column":15},"end":{"line":337,"column":64}},"type":"binary-expr","locations":[{"start":{"line":337,"column":15},"end":{"line":337,"column":28}},{"start":{"line":337,"column":32},"end":{"line":337,"column":64}}]},"44":{"loc":{"start":{"line":347,"column":4},"end":{"line":353,"column":5}},"type":"if","locations":[{"start":{"line":347,"column":4},"end":{"line":353,"column":5}}]},"45":{"loc":{"start":{"line":347,"column":8},"end":{"line":347,"column":70}},"type":"binary-expr","locations":[{"start":{"line":347,"column":8},"end":{"line":347,"column":17}},{"start":{"line":347,"column":21},"end":{"line":347,"column":43}},{"start":{"line":347,"column":47},"end":{"line":347,"column":70}}]},"46":{"loc":{"start":{"line":358,"column":4},"end":{"line":364,"column":5}},"type":"if","locations":[{"start":{"line":358,"column":4},"end":{"line":364,"column":5}}]},"47":{"loc":{"start":{"line":358,"column":8},"end":{"line":358,"column":34}},"type":"binary-expr","locations":[{"start":{"line":358,"column":8},"end":{"line":358,"column":18}},{"start":{"line":358,"column":22},"end":{"line":358,"column":34}}]},"48":{"loc":{"start":{"line":367,"column":4},"end":{"line":370,"column":5}},"type":"if","locations":[{"start":{"line":367,"column":4},"end":{"line":370,"column":5}}]},"49":{"loc":{"start":{"line":372,"column":4},"end":{"line":378,"column":5}},"type":"if","locations":[{"start":{"line":372,"column":4},"end":{"line":378,"column":5}}]},"50":{"loc":{"start":{"line":395,"column":15},"end":{"line":395,"column":52}},"type":"binary-expr","locations":[{"start":{"line":395,"column":15},"end":{"line":395,"column":28}},{"start":{"line":395,"column":32},"end":{"line":395,"column":52}}]},"51":{"loc":{"start":{"line":405,"column":4},"end":{"line":411,"column":5}},"type":"if","locations":[{"start":{"line":405,"column":4},"end":{"line":411,"column":5}}]},"52":{"loc":{"start":{"line":405,"column":8},"end":{"line":405,"column":76}},"type":"binary-expr","locations":[{"start":{"line":405,"column":8},"end":{"line":405,"column":18}},{"start":{"line":405,"column":22},"end":{"line":405,"column":76}}]},"53":{"loc":{"start":{"line":414,"column":4},"end":{"line":417,"column":5}},"type":"if","locations":[{"start":{"line":414,"column":4},"end":{"line":417,"column":5}}]},"54":{"loc":{"start":{"line":420,"column":16},"end":{"line":420,"column":68}},"type":"cond-expr","locations":[{"start":{"line":420,"column":27},"end":{"line":420,"column":58}},{"start":{"line":420,"column":61},"end":{"line":420,"column":68}}]},"55":{"loc":{"start":{"line":421,"column":4},"end":{"line":427,"column":5}},"type":"if","locations":[{"start":{"line":421,"column":4},"end":{"line":427,"column":5}}]},"56":{"loc":{"start":{"line":445,"column":15},"end":{"line":445,"column":61}},"type":"binary-expr","locations":[{"start":{"line":445,"column":15},"end":{"line":445,"column":28}},{"start":{"line":445,"column":32},"end":{"line":445,"column":61}}]},"57":{"loc":{"start":{"line":456,"column":4},"end":{"line":459,"column":5}},"type":"if","locations":[{"start":{"line":456,"column":4},"end":{"line":459,"column":5}}]},"58":{"loc":{"start":{"line":461,"column":4},"end":{"line":467,"column":5}},"type":"if","locations":[{"start":{"line":461,"column":4},"end":{"line":467,"column":5}}]},"59":{"loc":{"start":{"line":473,"column":4},"end":{"line":481,"column":5}},"type":"if","locations":[{"start":{"line":473,"column":4},"end":{"line":481,"column":5}}]},"60":{"loc":{"start":{"line":473,"column":8},"end":{"line":473,"column":41}},"type":"binary-expr","locations":[{"start":{"line":473,"column":8},"end":{"line":473,"column":23}},{"start":{"line":473,"column":27},"end":{"line":473,"column":41}}]},"61":{"loc":{"start":{"line":484,"column":4},"end":{"line":494,"column":5}},"type":"if","locations":[{"start":{"line":484,"column":4},"end":{"line":494,"column":5}},{"start":{"line":486,"column":11},"end":{"line":494,"column":5}}]},"62":{"loc":{"start":{"line":486,"column":11},"end":{"line":494,"column":5}},"type":"if","locations":[{"start":{"line":486,"column":11},"end":{"line":494,"column":5}},{"start":{"line":488,"column":11},"end":{"line":494,"column":5}}]},"63":{"loc":{"start":{"line":508,"column":15},"end":{"line":508,"column":59}},"type":"binary-expr","locations":[{"start":{"line":508,"column":15},"end":{"line":508,"column":28}},{"start":{"line":508,"column":32},"end":{"line":508,"column":59}}]}},"s":{"0":1,"1":1,"2":1,"3":1,"4":1,"5":1,"6":1,"7":1,"8":1,"9":1,"10":1,"11":1,"12":18,"13":18,"14":18,"15":1,"16":1,"17":17,"18":17,"19":17,"20":1,"21":1,"22":16,"23":16,"24":0,"25":16,"26":16,"27":16,"28":16,"29":0,"30":3,"31":3,"32":3,"33":3,"34":1,"35":2,"36":1,"37":3,"38":0,"39":3,"40":3,"41":3,"42":3,"43":0,"44":2,"45":2,"46":2,"47":2,"48":1,"49":1,"50":1,"51":0,"52":0,"53":1,"54":0,"55":0,"56":1,"57":0,"58":14,"59":14,"60":14,"61":14,"62":1,"63":1,"64":13,"65":13,"66":0,"67":0,"68":13,"69":0,"70":0,"71":13,"72":13,"73":0,"74":0,"75":13,"76":1,"77":1,"78":12,"79":12,"80":12,"81":12,"82":0,"83":23,"84":23,"85":23,"86":23,"87":1,"88":1,"89":22,"90":22,"91":0,"92":0,"93":22,"94":20,"95":0,"96":0,"97":22,"98":22,"99":10,"100":0,"101":0,"102":10,"103":10,"104":10,"105":10,"106":12,"107":10,"108":1,"109":1,"110":9,"111":0,"112":0,"113":9,"114":9,"115":9,"116":9,"117":1,"118":1,"119":8,"120":8,"121":8,"122":8,"123":2,"124":2,"125":1,"126":1,"127":1,"128":1,"129":1,"130":1,"131":0,"132":0,"133":0,"134":0,"135":0,"136":2,"137":2,"138":2,"139":2,"140":0,"141":0,"142":2,"143":2,"144":2,"145":1,"146":1,"147":1,"148":1,"149":0,"150":0,"151":1,"152":0,"153":0,"154":1,"155":1,"156":1,"157":0,"158":6,"159":6,"160":6,"161":6,"162":0,"163":0,"164":6,"165":6,"166":0,"167":0,"168":6,"169":6,"170":0,"171":0,"172":6,"173":6,"174":6,"175":0,"176":5,"177":5,"178":5,"179":5,"180":5,"181":0,"182":0,"183":5,"184":1,"185":1,"186":4,"187":6,"188":4,"189":6,"190":4,"191":2,"192":2,"193":2,"194":2,"195":0,"196":2,"197":1,"198":1,"199":1,"200":1,"201":1,"202":1,"203":1,"204":1,"205":0},"f":{"0":18,"1":3,"2":2,"3":14,"4":23,"5":2,"6":6,"7":5,"8":6,"9":6},"b":{"0":[1],"1":[18,18,17,17,17],"2":[1],"3":[17,16],"4":[0],"5":[16,0],"6":[0,0],"7":[3],"8":[3],"9":[1,2],"10":[1],"11":[0],"12":[0,0],"13":[1],"14":[0],"15":[1,1],"16":[0],"17":[1,0,0],"18":[0,0],"19":[1],"20":[0],"21":[0],"22":[13,0],"23":[0],"24":[13,13,13],"25":[1],"26":[0,0],"27":[1],"28":[0],"29":[20],"30":[0],"31":[20,20],"32":[10],"33":[0],"34":[10],"35":[1],"36":[0],"37":[9,9],"38":[1],"39":[2],"40":[1],"41":[2,1],"42":[0],"43":[0,0],"44":[0],"45":[2,2,2],"46":[1],"47":[2,1],"48":[0],"49":[0],"50":[0,0],"51":[0],"52":[6,6],"53":[0],"54":[0,6],"55":[0],"56":[0,0],"57":[0],"58":[1],"59":[2],"60":[4,3],"61":[0,2],"62":[1,1],"63":[0,0]}}
,"C:\\Users\\bostz\\.gemini\\antigravity\\scratch\\field-service-platform\\backend\\src\\middleware\\auth.ts": {"path":"C:\\Users\\bostz\\.gemini\\antigravity\\scratch\\field-service-platform\\backend\\src\\middleware\\auth.ts","statementMap":{"0":{"start":{"line":10,"column":0},"end":{"line":10,"column":7}},"1":{"start":{"line":48,"column":0},"end":{"line":48,"column":16}},"2":{"start":{"line":2,"column":0},"end":{"line":2,"column":31}},"3":{"start":{"line":3,"column":0},"end":{"line":3,"column":35}},"4":{"start":{"line":4,"column":0},"end":{"line":4,"column":60}},"5":{"start":{"line":15,"column":21},"end":{"line":15,"column":49}},"6":{"start":{"line":16,"column":16},"end":{"line":16,"column":96}},"7":{"start":{"line":18,"column":2},"end":{"line":24,"column":3}},"8":{"start":{"line":19,"column":4},"end":{"line":22,"column":7}},"9":{"start":{"line":23,"column":4},"end":{"line":23,"column":11}},"10":{"start":{"line":26,"column":2},"end":{"line":45,"column":3}},"11":{"start":{"line":27,"column":20},"end":{"line":27,"column":93}},"12":{"start":{"line":28,"column":17},"end":{"line":28,"column":57}},"13":{"start":{"line":30,"column":4},"end":{"line":36,"column":5}},"14":{"start":{"line":31,"column":6},"end":{"line":34,"column":9}},"15":{"start":{"line":35,"column":6},"end":{"line":35,"column":13}},"16":{"start":{"line":38,"column":4},"end":{"line":38,"column":20}},"17":{"start":{"line":39,"column":4},"end":{"line":39,"column":11}},"18":{"start":{"line":41,"column":4},"end":{"line":44,"column":7}},"19":{"start":{"line":49,"column":2},"end":{"line":67,"column":4}},"20":{"start":{"line":50,"column":4},"end":{"line":56,"column":5}},"21":{"start":{"line":51,"column":6},"end":{"line":54,"column":9}},"22":{"start":{"line":55,"column":6},"end":{"line":55,"column":13}},"23":{"start":{"line":58,"column":4},"end":{"line":64,"column":5}},"24":{"start":{"line":59,"column":6},"end":{"line":62,"column":9}},"25":{"start":{"line":63,"column":6},"end":{"line":63,"column":13}},"26":{"start":{"line":66,"column":4},"end":{"line":66,"column":11}}},"fnMap":{"0":{"name":"authenticateToken","decl":{"start":{"line":10,"column":22},"end":{"line":10,"column":39}},"loc":{"start":{"line":13,"column":20},"end":{"line":46,"column":1}}},"1":{"name":"requireRole","decl":{"start":{"line":48,"column":16},"end":{"line":48,"column":27}},"loc":{"start":{"line":48,"column":52},"end":{"line":68,"column":1}}},"2":{"name":"(anonymous_3)","decl":{"start":{"line":49,"column":9},"end":{"line":49,"column":10}},"loc":{"start":{"line":49,"column":80},"end":{"line":67,"column":3}}}},"branchMap":{"0":{"loc":{"start":{"line":16,"column":16},"end":{"line":16,"column":96}},"type":"cond-expr","locations":[{"start":{"line":16,"column":65},"end":{"line":16,"column":89}},{"start":{"line":16,"column":92},"end":{"line":16,"column":96}}]},"1":{"loc":{"start":{"line":16,"column":16},"end":{"line":16,"column":62}},"type":"binary-expr","locations":[{"start":{"line":16,"column":16},"end":{"line":16,"column":26}},{"start":{"line":16,"column":30},"end":{"line":16,"column":62}}]},"2":{"loc":{"start":{"line":18,"column":2},"end":{"line":24,"column":3}},"type":"if","locations":[{"start":{"line":18,"column":2},"end":{"line":24,"column":3}}]},"3":{"loc":{"start":{"line":30,"column":4},"end":{"line":36,"column":5}},"type":"if","locations":[{"start":{"line":30,"column":4},"end":{"line":36,"column":5}}]},"4":{"loc":{"start":{"line":30,"column":8},"end":{"line":30,"column":31}},"type":"binary-expr","locations":[{"start":{"line":30,"column":8},"end":{"line":30,"column":13}},{"start":{"line":30,"column":17},"end":{"line":30,"column":31}}]},"5":{"loc":{"start":{"line":50,"column":4},"end":{"line":56,"column":5}},"type":"if","locations":[{"start":{"line":50,"column":4},"end":{"line":56,"column":5}}]},"6":{"loc":{"start":{"line":58,"column":4},"end":{"line":64,"column":5}},"type":"if","locations":[{"start":{"line":58,"column":4},"end":{"line":64,"column":5}}]}},"s":{"0":1,"1":1,"2":1,"3":1,"4":1,"5":76,"6":76,"7":76,"8":1,"9":1,"10":75,"11":75,"12":75,"13":75,"14":0,"15":0,"16":75,"17":75,"18":0,"19":6,"20":70,"21":0,"22":0,"23":70,"24":2,"25":2,"26":68},"f":{"0":76,"1":6,"2":70},"b":{"0":[75,1],"1":[76,75],"2":[1],"3":[0],"4":[75,75],"5":[0],"6":[2]}}
,"C:\\Users\\bostz\\.gemini\\antigravity\\scratch\\field-service-platform\\backend\\src\\models\\Ticket.ts": {"path":"C:\\Users\\bostz\\.gemini\\antigravity\\scratch\\field-service-platform\\backend\\src\\models\\Ticket.ts","statementMap":{"0":{"start":{"line":1,"column":0},"end":{"line":1,"column":58}},"1":{"start":{"line":47,"column":13},"end":{"line":85,"column":2}},"2":{"start":{"line":87,"column":0},"end":{"line":87,"column":45}},"3":{"start":{"line":89,"column":13},"end":{"line":89,"column":66}}},"fnMap":{},"branchMap":{},"s":{"0":1,"1":1,"2":1,"3":1},"f":{},"b":{}}
,"C:\\Users\\bostz\\.gemini\\antigravity\\scratch\\field-service-platform\\backend\\src\\models\\User.ts": {"path":"C:\\Users\\bostz\\.gemini\\antigravity\\scratch\\field-service-platform\\backend\\src\\models\\User.ts","statementMap":{"0":{"start":{"line":1,"column":0},"end":{"line":1,"column":58}},"1":{"start":{"line":28,"column":20},"end":{"line":41,"column":null}},"2":{"start":{"line":44,"column":13},"end":{"line":67,"column":2}},"3":{"start":{"line":69,"column":0},"end":{"line":69,"column":88}},"4":{"start":{"line":71,"column":13},"end":{"line":71,"column":58}}},"fnMap":{},"branchMap":{},"s":{"0":1,"1":1,"2":1,"3":1,"4":1},"f":{},"b":{}}
,"C:\\Users\\bostz\\.gemini\\antigravity\\scratch\\field-service-platform\\backend\\src\\routes\\api.ts": {"path":"C:\\Users\\bostz\\.gemini\\antigravity\\scratch\\field-service-platform\\backend\\src\\routes\\api.ts","statementMap":{"0":{"start":{"line":1,"column":0},"end":{"line":1,"column":33}},"1":{"start":{"line":2,"column":0},"end":{"line":2,"column":28}},"2":{"start":{"line":3,"column":0},"end":{"line":3,"column":24}},"3":{"start":{"line":4,"column":0},"end":{"line":4,"column":20}},"4":{"start":{"line":5,"column":0},"end":{"line":5,"column":75}},"5":{"start":{"line":6,"column":0},"end":{"line":6,"column":null}},"6":{"start":{"line":16,"column":0},"end":{"line":16,"column":68}},"7":{"start":{"line":19,"column":15},"end":{"line":19,"column":23}},"8":{"start":{"line":22,"column":18},"end":{"line":22,"column":58}},"9":{"start":{"line":23,"column":0},"end":{"line":25,"column":1}},"10":{"start":{"line":24,"column":2},"end":{"line":24,"column":47}},"11":{"start":{"line":27,"column":16},"end":{"line":35,"column":2}},"12":{"start":{"line":29,"column":4},"end":{"line":29,"column":24}},"13":{"start":{"line":32,"column":25},"end":{"line":32,"column":75}},"14":{"start":{"line":33,"column":4},"end":{"line":33,"column":66}},"15":{"start":{"line":37,"column":15},"end":{"line":40,"column":2}},"16":{"start":{"line":45,"column":0},"end":{"line":45,"column":34}},"17":{"start":{"line":46,"column":0},"end":{"line":46,"column":43}},"18":{"start":{"line":47,"column":0},"end":{"line":47,"column":49}},"19":{"start":{"line":54,"column":0},"end":{"line":54,"column":93}},"20":{"start":{"line":57,"column":0},"end":{"line":57,"column":54}},"21":{"start":{"line":60,"column":0},"end":{"line":60,"column":61}},"22":{"start":{"line":63,"column":0},"end":{"line":63,"column":93}},"23":{"start":{"line":66,"column":0},"end":{"line":71,"column":2}},"24":{"start":{"line":74,"column":0},"end":{"line":79,"column":2}},"25":{"start":{"line":82,"column":0},"end":{"line":88,"column":2}},"26":{"start":{"line":91,"column":0},"end":{"line":97,"column":2}},"27":{"start":{"line":99,"column":0},"end":{"line":99,"column":22}}},"fnMap":{"0":{"name":"(anonymous_1)","decl":{"start":{"line":28,"column":15},"end":{"line":28,"column":16}},"loc":{"start":{"line":28,"column":35},"end":{"line":30,"column":3}}},"1":{"name":"(anonymous_2)","decl":{"start":{"line":31,"column":12},"end":{"line":31,"column":13}},"loc":{"start":{"line":31,"column":31},"end":{"line":34,"column":3}}}},"branchMap":{"0":{"loc":{"start":{"line":23,"column":0},"end":{"line":25,"column":1}},"type":"if","locations":[{"start":{"line":23,"column":0},"end":{"line":25,"column":1}}]}},"s":{"0":1,"1":1,"2":1,"3":1,"4":1,"5":1,"6":1,"7":1,"8":1,"9":1,"10":0,"11":1,"12":0,"13":0,"14":0,"15":1,"16":1,"17":1,"18":1,"19":1,"20":1,"21":1,"22":1,"23":1,"24":1,"25":1,"26":1,"27":1},"f":{"0":0,"1":0},"b":{"0":[0]}}
,"C:\\Users\\bostz\\.gemini\\antigravity\\scratch\\field-service-platform\\backend\\src\\services\\seedService.ts": {"path":"C:\\Users\\bostz\\.gemini\\antigravity\\scratch\\field-service-platform\\backend\\src\\services\\seedService.ts","statementMap":{"0":{"start":{"line":4,"column":0},"end":{"line":4,"column":7}},"1":{"start":{"line":1,"column":0},"end":{"line":1,"column":30}},"2":{"start":{"line":2,"column":0},"end":{"line":2,"column":43}},"3":{"start":{"line":5,"column":16},"end":{"line":5,"column":48}},"4":{"start":{"line":6,"column":2},"end":{"line":8,"column":3}},"5":{"start":{"line":7,"column":4},"end":{"line":7,"column":11}},"6":{"start":{"line":10,"column":21},"end":{"line":10,"column":23}},"7":{"start":{"line":12,"column":16},"end":{"line":63,"column":4}},"8":{"start":{"line":65,"column":2},"end":{"line":65,"column":36}},"9":{"start":{"line":66,"column":2},"end":{"line":66,"column":70}}},"fnMap":{"0":{"name":"seedInitialUsers","decl":{"start":{"line":4,"column":22},"end":{"line":4,"column":38}},"loc":{"start":{"line":4,"column":38},"end":{"line":67,"column":1}}}},"branchMap":{"0":{"loc":{"start":{"line":6,"column":2},"end":{"line":8,"column":3}},"type":"if","locations":[{"start":{"line":6,"column":2},"end":{"line":8,"column":3}}]}},"s":{"0":1,"1":1,"2":1,"3":1,"4":1,"5":0,"6":1,"7":1,"8":1,"9":1},"f":{"0":1},"b":{"0":[0]}}
,"C:\\Users\\bostz\\.gemini\\antigravity\\scratch\\field-service-platform\\backend\\src\\utils\\geo.ts": {"path":"C:\\Users\\bostz\\.gemini\\antigravity\\scratch\\field-service-platform\\backend\\src\\utils\\geo.ts","statementMap":{"0":{"start":{"line":6,"column":0},"end":{"line":6,"column":16}},"1":{"start":{"line":33,"column":0},"end":{"line":33,"column":16}},"2":{"start":{"line":10,"column":23},"end":{"line":10,"column":29}},"3":{"start":{"line":11,"column":23},"end":{"line":11,"column":29}},"4":{"start":{"line":13,"column":12},"end":{"line":13,"column":19}},"5":{"start":{"line":14,"column":15},"end":{"line":14,"column":35}},"6":{"start":{"line":15,"column":15},"end":{"line":15,"column":35}},"7":{"start":{"line":18,"column":4},"end":{"line":22,"column":24}},"8":{"start":{"line":24,"column":12},"end":{"line":24,"column":58}},"9":{"start":{"line":25,"column":19},"end":{"line":25,"column":24}},"10":{"start":{"line":26,"column":2},"end":{"line":26,"column":42}},"11":{"start":{"line":30,"column":2},"end":{"line":30,"column":31}},"12":{"start":{"line":38,"column":25},"end":{"line":38,"column":75}},"13":{"start":{"line":39,"column":2},"end":{"line":42,"column":4}}},"fnMap":{"0":{"name":"calculateDistanceMeters","decl":{"start":{"line":6,"column":16},"end":{"line":6,"column":39}},"loc":{"start":{"line":8,"column":26},"end":{"line":27,"column":1}}},"1":{"name":"deg2rad","decl":{"start":{"line":29,"column":9},"end":{"line":29,"column":16}},"loc":{"start":{"line":29,"column":28},"end":{"line":31,"column":1}}},"2":{"name":"isWithinGeofence","decl":{"start":{"line":33,"column":16},"end":{"line":33,"column":32}},"loc":{"start":{"line":36,"column":28},"end":{"line":43,"column":1}}}},"branchMap":{"0":{"loc":{"start":{"line":36,"column":2},"end":{"line":36,"column":28}},"type":"default-arg","locations":[{"start":{"line":36,"column":25},"end":{"line":36,"column":28}}]}},"s":{"0":1,"1":1,"2":9,"3":9,"4":9,"5":9,"6":9,"7":9,"8":9,"9":9,"10":9,"11":36,"12":9,"13":9},"f":{"0":9,"1":36,"2":9},"b":{"0":[0]}}
}
