TN:
SF:src\app.ts
FN:7,createApp
FN:26,(anonymous_2)
FN:38,(anonymous_3)
FN:46,(anonymous_4)
FNF:4
FNH:1
FNDA:1,createApp
FNDA:0,(anonymous_2)
FNDA:0,(anonymous_3)
FNDA:0,(anonymous_4)
DA:1,1
DA:2,1
DA:3,1
DA:4,1
DA:5,1
DA:7,1
DA:8,1
DA:11,1
DA:17,1
DA:18,1
DA:19,1
DA:22,1
DA:23,1
DA:26,1
DA:27,0
DA:35,1
DA:38,1
DA:39,0
DA:46,1
DA:47,0
DA:48,0
DA:54,1
LF:22
LH:18
BRDA:48,0,0,0
BRDA:48,0,1,0
BRDA:49,1,0,0
BRDA:49,1,1,0
BRDA:50,2,0,0
BRDA:50,2,1,0
BRF:6
BRH:0
end_of_record
TN:
SF:src\config\index.ts
FNF:0
FNH:0
DA:1,1
DA:2,1
DA:4,1
LF:3
LH:3
BRDA:5,0,0,1
BRDA:5,0,1,1
BRDA:6,1,0,1
BRDA:6,1,1,1
BRDA:7,2,0,1
BRDA:7,2,1,1
BRDA:8,3,0,1
BRDA:8,3,1,1
BRDA:9,4,0,1
BRDA:9,4,1,1
BRDA:10,5,0,1
BRDA:10,5,1,1
BRDA:11,6,0,1
BRDA:11,6,1,1
BRDA:12,7,0,1
BRDA:12,7,1,1
BRF:16
BRH:16
end_of_record
TN:
SF:src\controllers\authController.ts
FN:8,login
FN:70,getMe
FN:88,refreshToken
FNF:3
FNH:1
FNDA:5,login
FNDA:0,getMe
FNDA:0,refreshToken
DA:2,1
DA:3,1
DA:4,1
DA:5,1
DA:8,1
DA:9,5
DA:10,5
DA:12,5
DA:13,0
DA:17,0
DA:20,5
DA:22,5
DA:23,0
DA:27,0
DA:30,5
DA:31,5
DA:32,1
DA:36,1
DA:39,4
DA:41,4
DA:45,4
DA:49,4
DA:63,0
DA:70,1
DA:71,0
DA:72,0
DA:73,0
DA:76,0
DA:88,1
DA:89,0
DA:90,0
DA:91,0
DA:92,0
DA:95,0
DA:96,0
DA:100,0
DA:102,0
DA:103,0
DA:104,0
DA:107,0
DA:113,0
DA:115,0
LF:42
LH:20
BRDA:12,0,0,0
BRDA:12,1,0,5
BRDA:12,1,1,5
BRDA:22,2,0,0
BRDA:22,3,0,5
BRDA:22,3,1,5
BRDA:31,4,0,1
BRDA:65,5,0,0
BRDA:65,5,1,0
BRDA:71,6,0,0
BRDA:90,7,0,0
BRDA:102,8,0,0
BRDA:102,9,0,0
BRDA:102,9,1,0
BRF:14
BRH:5
end_of_record
TN:
SF:src\controllers\ticketController.ts
FN:8,createTicket
FN:68,getTickets
FN:112,getTicketById
FN:148,assignTicket
FN:209,updateTicketStatus
FN:342,addTicketItem
FN:400,addAttachment
FN:450,signOffTicket
FN:470,(anonymous_8)
FN:471,(anonymous_9)
FNF:10
FNH:10
FNDA:18,createTicket
FNDA:3,getTickets
FNDA:2,getTicketById
FNDA:14,assignTicket
FNDA:23,updateTicketStatus
FNDA:2,addTicketItem
FNDA:6,addAttachment
FNDA:5,signOffTicket
FNDA:6,(anonymous_8)
FNDA:6,(anonymous_9)
DA:3,1
DA:4,1
DA:5,1
DA:6,1
DA:8,1
DA:9,18
DA:10,18
DA:12,18
DA:13,1
DA:17,1
DA:20,17
DA:21,17
DA:23,17
DA:24,1
DA:28,1
DA:32,16
DA:33,16
DA:34,0
DA:38,16
DA:39,16
DA:41,16
DA:56,16
DA:61,0
DA:68,1
DA:69,3
DA:70,3
DA:71,3
DA:74,3
DA:75,1
DA:76,2
DA:77,1
DA:81,3
DA:82,0
DA:85,3
DA:86,3
DA:93,3
DA:95,3
DA:105,0
DA:112,1
DA:113,2
DA:114,2
DA:115,2
DA:119,2
DA:120,1
DA:121,1
DA:125,1
DA:126,0
DA:127,0
DA:130,1
DA:135,0
DA:136,0
DA:139,1
DA:141,0
DA:148,1
DA:149,14
DA:150,14
DA:151,14
DA:153,14
DA:154,1
DA:158,1
DA:161,13
DA:162,13
DA:163,0
DA:164,0
DA:167,13
DA:168,0
DA:172,0
DA:175,13
DA:176,13
DA:177,0
DA:181,0
DA:185,13
DA:186,1
DA:190,1
DA:193,12
DA:194,12
DA:195,12
DA:197,12
DA:202,0
DA:209,1
DA:210,23
DA:211,23
DA:212,23
DA:218,23
DA:219,1
DA:220,1
DA:223,22
DA:224,22
DA:225,0
DA:226,0
DA:230,22
DA:231,20
DA:235,0
DA:236,0
DA:240,22
DA:243,22
DA:244,10
DA:245,0
DA:249,0
DA:251,10
DA:252,10
DA:253,10
DA:257,10
DA:260,12
DA:261,10
DA:262,1
DA:266,1
DA:270,9
DA:271,0
DA:275,0
DA:278,9
DA:279,9
DA:281,9
DA:287,9
DA:288,1
DA:294,1
DA:297,8
DA:298,8
DA:300,8
DA:305,8
DA:308,2
DA:309,2
DA:310,1
DA:314,1
DA:316,1
DA:317,1
DA:318,1
DA:319,1
DA:322,0
DA:323,0
DA:327,0
DA:330,0
DA:335,0
DA:342,1
DA:343,2
DA:344,2
DA:345,2
DA:347,2
DA:348,0
DA:352,0
DA:355,2
DA:356,2
DA:358,2
DA:359,1
DA:363,1
DA:366,1
DA:367,1
DA:368,0
DA:369,0
DA:372,1
DA:373,0
DA:377,0
DA:380,1
DA:386,1
DA:388,1
DA:393,0
DA:400,1
DA:401,6
DA:402,6
DA:403,6
DA:405,6
DA:406,0
DA:410,0
DA:413,6
DA:414,6
DA:415,0
DA:416,0
DA:420,6
DA:421,6
DA:422,0
DA:426,0
DA:429,6
DA:436,6
DA:438,6
DA:443,0
DA:450,1
DA:451,5
DA:452,5
DA:453,5
DA:455,5
DA:456,5
DA:457,0
DA:458,0
DA:461,5
DA:462,1
DA:466,1
DA:470,6
DA:471,6
DA:473,4
DA:474,2
DA:480,2
DA:483,2
DA:484,2
DA:485,0
DA:486,2
DA:487,1
DA:489,1
DA:493,1
DA:496,1
DA:497,1
DA:498,1
DA:499,1
DA:501,1
DA:506,0
LF:204
LH:157
BRDA:12,0,0,1
BRDA:12,1,0,18
BRDA:12,1,1,18
BRDA:12,1,2,17
BRDA:12,1,3,17
BRDA:12,1,4,17
BRDA:23,2,0,1
BRDA:23,3,0,17
BRDA:23,3,1,16
BRDA:33,4,0,0
BRDA:33,5,0,16
BRDA:33,5,1,0
BRDA:63,6,0,0
BRDA:63,6,1,0
BRDA:70,7,0,3
BRDA:70,8,0,3
BRDA:74,9,0,1
BRDA:74,9,1,2
BRDA:76,10,0,1
BRDA:81,11,0,0
BRDA:107,12,0,0
BRDA:107,12,1,0
BRDA:119,13,0,1
BRDA:125,14,0,0
BRDA:125,15,0,1
BRDA:125,15,1,1
BRDA:130,16,0,0
BRDA:131,17,0,1
BRDA:131,17,1,0
BRDA:131,17,2,0
BRDA:143,18,0,0
BRDA:143,18,1,0
BRDA:153,19,0,1
BRDA:162,20,0,0
BRDA:167,21,0,0
BRDA:167,22,0,13
BRDA:167,22,1,0
BRDA:176,23,0,0
BRDA:176,24,0,13
BRDA:176,24,1,13
BRDA:176,24,2,13
BRDA:185,25,0,1
BRDA:204,26,0,0
BRDA:204,26,1,0
BRDA:218,27,0,1
BRDA:224,28,0,0
BRDA:230,29,0,20
BRDA:231,30,0,0
BRDA:232,31,0,20
BRDA:232,31,1,20
BRDA:243,32,0,10
BRDA:244,33,0,0
BRDA:260,34,0,10
BRDA:261,35,0,1
BRDA:270,36,0,0
BRDA:270,37,0,9
BRDA:270,37,1,9
BRDA:287,38,0,1
BRDA:308,39,0,2
BRDA:309,40,0,1
BRDA:309,41,0,2
BRDA:309,41,1,1
BRDA:322,42,0,0
BRDA:337,43,0,0
BRDA:337,43,1,0
BRDA:347,44,0,0
BRDA:347,45,0,2
BRDA:347,45,1,2
BRDA:347,45,2,2
BRDA:358,46,0,1
BRDA:358,47,0,2
BRDA:358,47,1,1
BRDA:367,48,0,0
BRDA:372,49,0,0
BRDA:395,50,0,0
BRDA:395,50,1,0
BRDA:405,51,0,0
BRDA:405,52,0,6
BRDA:405,52,1,6
BRDA:414,53,0,0
BRDA:420,54,0,0
BRDA:420,54,1,6
BRDA:421,55,0,0
BRDA:445,56,0,0
BRDA:445,56,1,0
BRDA:456,57,0,0
BRDA:461,58,0,1
BRDA:473,59,0,2
BRDA:473,60,0,4
BRDA:473,60,1,3
BRDA:484,61,0,0
BRDA:484,61,1,2
BRDA:486,62,0,1
BRDA:486,62,1,1
BRDA:508,63,0,0
BRDA:508,63,1,0
BRF:96
BRH:55
end_of_record
TN:
SF:src\middleware\auth.ts
FN:10,authenticateToken
FN:48,requireRole
FN:49,(anonymous_3)
FNF:3
FNH:3
FNDA:76,authenticateToken
FNDA:6,requireRole
FNDA:70,(anonymous_3)
DA:2,1
DA:3,1
DA:4,1
DA:10,1
DA:15,76
DA:16,76
DA:18,76
DA:19,1
DA:23,1
DA:26,75
DA:27,75
DA:28,75
DA:30,75
DA:31,0
DA:35,0
DA:38,75
DA:39,75
DA:41,0
DA:48,1
DA:49,6
DA:50,70
DA:51,0
DA:55,0
DA:58,70
DA:59,2
DA:63,2
DA:66,68
LF:27
LH:22
BRDA:16,0,0,75
BRDA:16,0,1,1
BRDA:16,1,0,76
BRDA:16,1,1,75
BRDA:18,2,0,1
BRDA:30,3,0,0
BRDA:30,4,0,75
BRDA:30,4,1,75
BRDA:50,5,0,0
BRDA:58,6,0,2
BRF:10
BRH:8
end_of_record
TN:
SF:src\models\Ticket.ts
FNF:0
FNH:0
DA:1,1
DA:47,1
DA:87,1
DA:89,1
LF:4
LH:4
BRF:0
BRH:0
end_of_record
TN:
SF:src\models\User.ts
FNF:0
FNH:0
DA:1,1
DA:28,1
DA:44,1
DA:69,1
DA:71,1
LF:5
LH:5
BRF:0
BRH:0
end_of_record
TN:
SF:src\routes\api.ts
FN:28,(anonymous_1)
FN:31,(anonymous_2)
FNF:2
FNH:0
FNDA:0,(anonymous_1)
FNDA:0,(anonymous_2)
DA:1,1
DA:2,1
DA:3,1
DA:4,1
DA:5,1
DA:6,1
DA:16,1
DA:19,1
DA:22,1
DA:23,1
DA:24,0
DA:27,1
DA:29,0
DA:32,0
DA:33,0
DA:37,1
DA:45,1
DA:46,1
DA:47,1
DA:54,1
DA:57,1
DA:60,1
DA:63,1
DA:66,1
DA:74,1
DA:82,1
DA:91,1
DA:99,1
LF:28
LH:24
BRDA:23,0,0,0
BRF:1
BRH:0
end_of_record
TN:
SF:src\services\seedService.ts
FN:4,seedInitialUsers
FNF:1
FNH:1
FNDA:1,seedInitialUsers
DA:1,1
DA:2,1
DA:4,1
DA:5,1
DA:6,1
DA:7,0
DA:10,1
DA:12,1
DA:65,1
DA:66,1
LF:10
LH:9
BRDA:6,0,0,0
BRF:1
BRH:0
end_of_record
TN:
SF:src\utils\geo.ts
FN:6,calculateDistanceMeters
FN:29,deg2rad
FN:33,isWithinGeofence
FNF:3
FNH:3
FNDA:9,calculateDistanceMeters
FNDA:36,deg2rad
FNDA:9,isWithinGeofence
DA:6,1
DA:10,9
DA:11,9
DA:13,9
DA:14,9
DA:15,9
DA:18,9
DA:24,9
DA:25,9
DA:26,9
DA:30,36
DA:33,1
DA:38,9
DA:39,9
LF:14
LH:14
BRDA:36,0,0,0
BRF:1
BRH:0
end_of_record
